<?xml version="1.0" encoding="UTF-8"?>
<!-- Generated by org.testng.reporters.JUnitReportReporter -->
<testsuite skipped="0" hostname="ADMINRG-77I9HE9" name="com.covid19.Covid19Project.tests.Test1" tests="1" failures="0" timestamp="29 Jun 2021 02:22:51 GMT" time="99.158" errors="0">
  <testcase name="test1" time="99.158" classname="com.covid19.Covid19Project.tests.Test1"/>
</testsuite> <!-- com.covid19.Covid19Project.tests.Test1 -->
