<?xml version="1.0" encoding="UTF-8"?>
<!-- Generated by org.testng.reporters.JUnitReportReporter -->
<testsuite skipped="0" hostname="ADMINRG-77I9HE9" name="org.coviddata.restassured.CovidSiteResponse" tests="1" failures="0" timestamp="17 Oct 2020 16:20:04 GMT" time="12.352" errors="0">
  <testcase name="test1" time="12.352" classname="org.coviddata.restassured.CovidSiteResponse"/>
</testsuite> <!-- org.coviddata.restassured.CovidSiteResponse -->
