<?xml version="1.0" encoding="UTF-8"?>
<!-- Generated by org.testng.reporters.JUnitReportReporter -->
<testsuite skipped="0" hostname="ADMINRG-77I9HE9" name="AppiumTests.AndroidTestApp" tests="1" failures="0" timestamp="18 Oct 2020 12:16:08 GMT" time="35.009" errors="0">
  <testcase name="test1" time="35.009" classname="AppiumTests.AndroidTestApp"/>
</testsuite> <!-- AppiumTests.AndroidTestApp -->
